<?xml version="1.0" encoding="UTF-8"?>
<testsuites name="jest tests" tests="3" failures="0" errors="0" time="0.618">
  <testsuite name="Testing actions..." errors="0" failures="0" skipped="0" timestamp="2024-06-11T18:07:23" time="0.358" tests="1">
    <testcase classname="Testing actions... Testing &quot;Test Action&quot;" name="Testing actions... Testing &quot;Test Action&quot;" time="0.002">
    </testcase>
  </testsuite>
  <testsuite name="Testing Execute Controller..." errors="0" failures="0" skipped="0" timestamp="2024-06-11T18:07:24" time="0.203" tests="2">
    <testcase classname="Testing Execute Controller... Testing &quot;Test Action&quot;" name="Testing Execute Controller... Testing &quot;Test Action&quot;" time="0">
    </testcase>
    <testcase classname="Testing Execute Controller... Testing made up action" name="Testing Execute Controller... Testing made up action" time="0.001">
    </testcase>
  </testsuite>
</testsuites>