<?xml version="1.0" encoding="UTF-8"?>
<testsuites name="jest tests" tests="4" failures="0" errors="0" time="1.842">
  <testsuite name="Testing actions..." errors="0" failures="0" skipped="0" timestamp="2024-06-13T19:00:09" time="1.318" tests="1">
    <testcase classname="Testing actions... Testing &quot;Test Action&quot;" name="Testing actions... Testing &quot;Test Action&quot;" time="0.003">
    </testcase>
  </testsuite>
  <testsuite name="Testing Execute Controller..." errors="0" failures="0" skipped="0" timestamp="2024-06-13T19:00:09" time="1.471" tests="3">
    <testcase classname="Testing Execute Controller... Testing &quot;Test Action&quot;" name="Testing Execute Controller... Testing &quot;Test Action&quot;" time="0.003">
    </testcase>
    <testcase classname="Testing Execute Controller... Testing made up action" name="Testing Execute Controller... Testing made up action" time="0.001">
    </testcase>
    <testcase classname="Testing Execute Controller... Testing error" name="Testing Execute Controller... Testing error" time="0">
    </testcase>
  </testsuite>
</testsuites>